<?xml version="1.0" encoding="UTF-8"?>
<!-- Generated by org.testng.reporters.JUnitXMLReporter -->
<testsuite ignored="0" hostname="TAPASs-MacBook-Air.local" failures="1" tests="1" name="CucumberFramework" time="0.321" errors="0" timestamp="2023-09-25T16:59:41 IST">
  <testcase classname="io.cucumber.testng.AbstractTestNGCucumberTests" name="runScenario" time="0.037">
    <failure type="java.lang.NullPointerException" message="Cannot invoke &amp;quot;utilities.ReadConfigClass.getUrl()&amp;quot; because &amp;quot;this.readconfig&amp;quot; is null">
      <![CDATA[java.lang.NullPointerException: Cannot invoke "utilities.ReadConfigClass.getUrl()" because "this.readconfig" is null
at stepDefinition.Steps.i_navigate_to_nop_commerce_web_page(Steps.java:29)
at ✽.I navigate to nopCommerce web page(file:///Users/tapaskumarkhandai/eclipse-workspace/CodeStudioCF/./Features/loginpage.feature:6)
]]>
    </failure>
  </testcase> <!-- runScenario -->
</testsuite> <!-- CucumberFramework -->
