<?xml version="1.0" encoding="UTF-8"?>
<testsuite xmlns:xsi="http://www.w3.org/2001/XMLSchema-instance" xsi:noNamespaceSchemaLocation="https://maven.apache.org/surefire/maven-surefire-plugin/xsd/surefire-test-report-3.0.xsd" version="3.0" name="testrunner.Runner" time="11.565" tests="1" errors="0" skipped="0" failures="0">
  <properties>
[...]
</properties>
  <testcase name="To verify register functionality" classname="Customer Login &amp; Register" time="11.301">
    <system-out><![CDATA[
@loginpage @register
Scenario: To verify register functionality                                            # Features/loginpage.feature:5
[INFO ] 2023-09-23 12:18:10.648 [main] Steps - Chromedriver Initiated
[INFO ] 2023-09-23 12:18:14.499 [main] Steps - Navigated tohttps://www.nopcommerce.com/enURL
  Given I navigate to nopCommerce web page                                            # stepDefinition.Steps.i_navigate_to_nop_commerce_web_page()
  When I click on register button of profile icon                                     # stepDefinition.Steps.i_click_on_register_button_of_profile_icon()
  When I fill all the input with below values                                         # stepDefinition.Steps.i_fill_all_the_input_with_below_values(io.cucumber.datatable.DataTable)
    | FirstName | LastName  | Email             | ConfirmEmail      | Usename    |
    | Lipsta    | Mohapatra | lipsita@gmail.com | lipsita@gmail.com | Lipsita321 |
  When I click on check avaibility button                                             # stepDefinition.Steps.i_click_on_check_avaibility_button()
  When I select country "India" from dropdown                                         # stepDefinition.Steps.i_select_country_from_dropdown(java.lang.String)
  When I select timezone "(UTC-10:00) Hawaii" from dropdown                           # stepDefinition.Steps.i_select_timezone_from_dropdown(java.lang.String)
  And I fill password fields with below values                                        # stepDefinition.Steps.i_fill_password_fields_with_below_values(io.cucumber.datatable.DataTable)
    | password  | confirmPassword |
    | abcd@1234 | abcd@1234       |
  When I select your account details mycomany "Other" from dropdown                   # stepDefinition.Steps.i_select_your_account_details_mycomany_from_dropdown(java.lang.String)
  When I select your account details mainactivity "Technical developer" from dropdown # stepDefinition.Steps.i_select_your_account_details_mainactivity_from_dropdown(java.lang.String)
  When I select your account details companysize "2–5" from dropdown                  # stepDefinition.Steps.i_select_your_account_details_companysize_from_dropdown(java.lang.String)
  And I enter my company website "yyy.com"                                            # stepDefinition.Steps.i_enter_my_company_website(java.lang.String)
  Then I click on register button                                                     # stepDefinition.Steps.i_click_on_register_button()
[INFO ] 2023-09-23 12:18:18.650 [main] Steps - Broswer Closed
]]></system-out>
    <system-err><![CDATA[SLF4J: Failed to load class "org.slf4j.impl.StaticLoggerBinder".
SLF4J: Defaulting to no-operation (NOP) logger implementation
SLF4J: See http://www.slf4j.org/codes.html#StaticLoggerBinder for further details.
Sep 23, 2023 12:18:10 PM org.openqa.selenium.devtools.CdpVersionFinder findNearestMatch
WARNING: Unable to find an exact match for CDP version 116, so returning the closest version found: 115
]]></system-err>
  </testcase>
</testsuite>