<?xml version="1.0" encoding="UTF-8"?>
<testng-results ignored="0" total="3" passed="2" failed="1" skipped="0">
  <reporter-output>
  </reporter-output>
  <suite started-at="2023-09-27T15:06:01 IST" name="Default suite" finished-at="2023-09-27T15:07:13 IST" duration-ms="71928">
    <groups>
      <group name="cucumber">
        <method signature="AbstractTestNGCucumberTests.runScenario(io.cucumber.testng.PickleWrapper,io.cucumber.testng.FeatureWrapper)[pri:0, instance:testrunner.Runner@22ff4249]" name="runScenario" class="io.cucumber.testng.AbstractTestNGCucumberTests"/>
      </group> <!-- cucumber -->
    </groups>
    <test started-at="2023-09-27T15:06:01 IST" name="Default test" finished-at="2023-09-27T15:07:13 IST" duration-ms="71928">
      <class name="testrunner.Runner">
        <test-method is-config="true" signature="setUpClass(org.testng.ITestContext)[pri:0, instance:testrunner.Runner@22ff4249]" started-at="2023-09-27T15:06:01 IST" name="setUpClass" finished-at="2023-09-27T15:06:01 IST" duration-ms="237" status="PASS">
          <params>
            <param index="0">
              <value>
                <![CDATA[org.testng.TestRunner@54a6ef6]]>
              </value>
            </param>
          </params>
          <reporter-output>
          </reporter-output>
        </test-method> <!-- setUpClass -->
        <test-method signature="runScenario(io.cucumber.testng.PickleWrapper,io.cucumber.testng.FeatureWrapper)[pri:0, instance:testrunner.Runner@22ff4249]" started-at="2023-09-27T15:06:01 IST" name="runScenario" description="Runs Cucumber Scenarios" data-provider="scenarios" finished-at="2023-09-27T15:06:56 IST" duration-ms="55396" status="PASS">
          <params>
            <param index="0">
              <value>
                <![CDATA["To verify adding new adress functionality"]]>
              </value>
            </param>
            <param index="1">
              <value>
                <![CDATA["HomePage feature"]]>
              </value>
            </param>
          </params>
          <reporter-output>
          </reporter-output>
        </test-method> <!-- runScenario -->
        <test-method signature="runScenario(io.cucumber.testng.PickleWrapper,io.cucumber.testng.FeatureWrapper)[pri:0, instance:testrunner.Runner@22ff4249]" started-at="2023-09-27T15:06:56 IST" name="runScenario" description="Runs Cucumber Scenarios" data-provider="scenarios" finished-at="2023-09-27T15:07:03 IST" duration-ms="6902" status="FAIL">
          <params>
            <param index="0">
              <value>
                <![CDATA["To verify register functionality"]]>
              </value>
            </param>
            <param index="1">
              <value>
                <![CDATA["Customer Login & Register"]]>
              </value>
            </param>
          </params>
          <exception class="org.openqa.selenium.InvalidSelectorException">
            <message>
              <![CDATA[invalid selector: Unable to locate an element with the xpath expression //*[@id='FirstName']--------- because of the following error:
SyntaxError: Failed to execute 'evaluate' on 'Document': The string '//*[@id='FirstName']---------' is not a valid XPath expression.
  (Session info: MicrosoftEdge=117.0.2045.40)
For documentation on this error, please visit: https://www.selenium.dev/documentation/webdriver/troubleshooting/errors#invalid-selector-exception
Build info: version: '4.11.0', revision: '040bc5406b'
System info: os.name: 'Mac OS X', os.arch: 'aarch64', os.version: '13.5.1', java.version: '17.0.4.1'
Driver info: org.openqa.selenium.edge.EdgeDriver
Command: [29c6043aa733f880f0e4424feb7a259e, findElement {using=xpath, value=//*[@id='FirstName']---------}]
Capabilities {acceptInsecureCerts: false, browserName: msedge, browserVersion: 117.0.2045.40, fedcm:accounts: true, ms:edgeOptions: {debuggerAddress: localhost:63977}, msedge: {msedgedriverVersion: 117.0.2045.40 (1a64d4a93998..., userDataDir: /var/folders/87/wr1syqbd04g...}, networkConnectionEnabled: false, pageLoadStrategy: normal, platformName: mac, proxy: Proxy(), se:cdp: ws://localhost:63977/devtoo..., se:cdpVersion: 117.0.2045.40, setWindowRect: true, strictFileInteractability: false, timeouts: {implicit: 0, pageLoad: 300000, script: 30000}, unhandledPromptBehavior: dismiss and notify, webauthn:extension:credBlob: true, webauthn:extension:largeBlob: true, webauthn:extension:minPinLength: true, webauthn:extension:prf: true, webauthn:virtualAuthenticators: true}
Session ID: 29c6043aa733f880f0e4424feb7a259e]]>
            </message>
            <full-stacktrace>
              <![CDATA[org.openqa.selenium.InvalidSelectorException: invalid selector: Unable to locate an element with the xpath expression //*[@id='FirstName']--------- because of the following error:
SyntaxError: Failed to execute 'evaluate' on 'Document': The string '//*[@id='FirstName']---------' is not a valid XPath expression.
  (Session info: MicrosoftEdge=117.0.2045.40)
For documentation on this error, please visit: https://www.selenium.dev/documentation/webdriver/troubleshooting/errors#invalid-selector-exception
Build info: version: '4.11.0', revision: '040bc5406b'
System info: os.name: 'Mac OS X', os.arch: 'aarch64', os.version: '13.5.1', java.version: '17.0.4.1'
Driver info: org.openqa.selenium.edge.EdgeDriver
Command: [29c6043aa733f880f0e4424feb7a259e, findElement {using=xpath, value=//*[@id='FirstName']---------}]
Capabilities {acceptInsecureCerts: false, browserName: msedge, browserVersion: 117.0.2045.40, fedcm:accounts: true, ms:edgeOptions: {debuggerAddress: localhost:63977}, msedge: {msedgedriverVersion: 117.0.2045.40 (1a64d4a93998..., userDataDir: /var/folders/87/wr1syqbd04g...}, networkConnectionEnabled: false, pageLoadStrategy: normal, platformName: mac, proxy: Proxy(), se:cdp: ws://localhost:63977/devtoo..., se:cdpVersion: 117.0.2045.40, setWindowRect: true, strictFileInteractability: false, timeouts: {implicit: 0, pageLoad: 300000, script: 30000}, unhandledPromptBehavior: dismiss and notify, webauthn:extension:credBlob: true, webauthn:extension:largeBlob: true, webauthn:extension:minPinLength: true, webauthn:extension:prf: true, webauthn:virtualAuthenticators: true}
Session ID: 29c6043aa733f880f0e4424feb7a259e
at java.base/jdk.internal.reflect.NativeConstructorAccessorImpl.newInstance0(Native Method)
at java.base/jdk.internal.reflect.NativeConstructorAccessorImpl.newInstance(NativeConstructorAccessorImpl.java:77)
at java.base/jdk.internal.reflect.DelegatingConstructorAccessorImpl.newInstance(DelegatingConstructorAccessorImpl.java:45)
at java.base/java.lang.reflect.Constructor.newInstanceWithCaller(Constructor.java:499)
at java.base/java.lang.reflect.Constructor.newInstance(Constructor.java:480)
at org.openqa.selenium.remote.codec.w3c.W3CHttpResponseCodec.createException(W3CHttpResponseCodec.java:200)
at org.openqa.selenium.remote.codec.w3c.W3CHttpResponseCodec.decode(W3CHttpResponseCodec.java:133)
at org.openqa.selenium.remote.codec.w3c.W3CHttpResponseCodec.decode(W3CHttpResponseCodec.java:52)
at org.openqa.selenium.remote.HttpCommandExecutor.execute(HttpCommandExecutor.java:191)
at org.openqa.selenium.remote.service.DriverCommandExecutor.invokeExecute(DriverCommandExecutor.java:196)
at org.openqa.selenium.remote.service.DriverCommandExecutor.execute(DriverCommandExecutor.java:171)
at org.openqa.selenium.remote.RemoteWebDriver.execute(RemoteWebDriver.java:518)
at org.openqa.selenium.remote.ElementLocation$ElementFinder$2.findElement(ElementLocation.java:165)
at org.openqa.selenium.remote.ElementLocation.findElement(ElementLocation.java:59)
at org.openqa.selenium.remote.RemoteWebDriver.findElement(RemoteWebDriver.java:355)
at org.openqa.selenium.remote.RemoteWebDriver.findElement(RemoteWebDriver.java:349)
at org.openqa.selenium.support.pagefactory.DefaultElementLocator.findElement(DefaultElementLocator.java:68)
at org.openqa.selenium.support.pagefactory.internal.LocatingElementHandler.invoke(LocatingElementHandler.java:38)
at jdk.proxy2/jdk.proxy2.$Proxy44.sendKeys(Unknown Source)
at pageObject.LoginPagePOM.enterYourpersonalDetails(LoginPagePOM.java:102)
at stepDefinition.Steps.i_fill_all_the_input_with_below_values(Steps.java:54)
at ✽.I fill all the input with below values(file:///Users/tapaskumarkhandai/eclipse-workspace/CodeStudioCF/./Features/loginpage.feature:8)
]]>
            </full-stacktrace>
          </exception> <!-- org.openqa.selenium.InvalidSelectorException -->
          <reporter-output>
          </reporter-output>
        </test-method> <!-- runScenario -->
        <test-method signature="runScenario(io.cucumber.testng.PickleWrapper,io.cucumber.testng.FeatureWrapper)[pri:0, instance:testrunner.Runner@22ff4249]" started-at="2023-09-27T15:07:03 IST" name="runScenario" description="Runs Cucumber Scenarios" data-provider="scenarios" finished-at="2023-09-27T15:07:11 IST" duration-ms="7523" status="PASS">
          <params>
            <param index="0">
              <value>
                <![CDATA["To verify login functionality"]]>
              </value>
            </param>
            <param index="1">
              <value>
                <![CDATA["Customer Login & Register"]]>
              </value>
            </param>
          </params>
          <reporter-output>
          </reporter-output>
        </test-method> <!-- runScenario -->
        <test-method is-config="true" signature="tearDownClass()[pri:0, instance:testrunner.Runner@22ff4249]" started-at="2023-09-27T15:07:11 IST" name="tearDownClass" finished-at="2023-09-27T15:07:13 IST" duration-ms="1850" status="PASS">
          <reporter-output>
          </reporter-output>
        </test-method> <!-- tearDownClass -->
      </class> <!-- testrunner.Runner -->
    </test> <!-- Default test -->
  </suite> <!-- Default suite -->
</testng-results>
